<?xml version="1.0" encoding="UTF-8"?>
<!-- Generated by org.testng.reporters.JUnitXMLReporter -->
<testsuite hostname="DESKTOP-APATEL" ignored="0" name="Default test" tests="2" failures="0" timestamp="07 Feb 2019 23:44:43 GMT" time="68.42" errors="0">
  <testcase name="VerifyEventCreationDependentFieldUpdate" time="24.943" classname="com.bossc.qa.testcases.SettingsPageTest"/>
  <testcase name="VerifyEventPerformanceDependentFieldUpdate" time="12.422" classname="com.bossc.qa.testcases.SettingsPageTest"/>
</testsuite> <!-- Default test -->
